10:10:01 **** Incremental Build of configuration Debug for project Graph ****
Info: Internal Builder is used for build
g++ -O0 -g3 -Wall -c -fmessage-length=0 -std=c++11 -o "src\\Graph.o" "..\\src\\Graph.cpp" 
g++ -o Graph.exe "src\\Graph.o" 
Info: Nothing to build for Graph
10:10:20 **** Incremental Build of configuration Debug for project Graph ****
Info: Internal Builder is used for build
g++ -O0 -g3 -Wall -c -fmessage-length=0 -std=c++11 -o "src\\Graph.o" "..\\src\\Graph.cpp" 
g++ -o Graph.exe "src\\Graph.o" 
10:12:10 **** Incremental Build of configuration Debug for project Graph ****
Info: Internal Builder is used for build
g++ -O0 -g3 -Wall -c -fmessage-length=0 -std=c++11 -o "src\\Graph.o" "..\\src\\Graph.cpp" 
g++ -o Graph.exe "src\\Graph.o" 
10:15:07 **** Incremental Build of configuration Debug for project Graph ****
Info: Internal Builder is used for build
g++ -O0 -g3 -Wall -c -fmessage-length=0 -std=c++11 -o "src\\Graph.o" "..\\src\\Graph.cpp" 
g++ -o Graph.exe "src\\Graph.o" 
10:17:36 **** Incremental Build of configuration Debug for project Graph ****
Info: Internal Builder is used for build
g++ -O0 -g3 -Wall -c -fmessage-length=0 -std=c++11 -o "src\\Graph.o" "..\\src\\Graph.cpp" 
g++ -o Graph.exe "src\\Graph.o" 
10:22:14 **** Incremental Build of configuration Debug for project Graph ****
Info: Internal Builder is used for build
g++ -O0 -g3 -Wall -c -fmessage-length=0 -std=c++11 -o "src\\Graph.o" "..\\src\\Graph.cpp" 
g++ -o Graph.exe "src\\Graph.o" 
10:22:32 **** Incremental Build of configuration Debug for project Graph ****
Info: Internal Builder is used for build
g++ -O0 -g3 -Wall -c -fmessage-length=0 -std=c++11 -o "src\\Graph.o" "..\\src\\Graph.cpp" 
g++ -o Graph.exe "src\\Graph.o" 
10:29:04 **** Incremental Build of configuration Debug for project Graph ****
Info: Internal Builder is used for build
g++ -O0 -g3 -Wall -c -fmessage-length=0 -std=c++11 -o "src\\Graph.o" "..\\src\\Graph.cpp" 
g++ -o Graph.exe "src\\Graph.o" 
